<?xml version="1.0" encoding="UTF-8"?>
<!-- Generated by org.testng.reporters.JUnitXMLReporter -->
<testsuite hostname="DESKTOP-UOV0MPD" ignored="0" name="HybridTest" tests="5" failures="0" timestamp="26 May 2019 04:39:04 GMT" time="14.138" errors="0">
  <testcase name="@BeforeClass beforeClass" time="13.598" classname="com.qa.linkedin.testcases.SearchDDTTest">
    <failure type="org.openqa.selenium.NoSuchElementException" message="Cannot locate an element using css selector=a.nav__button-secondary
For documentation on this error, please visit: https://www.seleniumhq.org/exceptions/no_such_element.html
Build info: version: &amp;apos;3.141.59&amp;apos;, revision: &amp;apos;e82be7d358&amp;apos;, time: &amp;apos;2018-11-14T08:17:03&amp;apos;
System info: host: &amp;apos;DESKTOP-UOV0MPD&amp;apos;, ip: &amp;apos;192.168.0.27&amp;apos;, os.name: &amp;apos;Windows 10&amp;apos;, os.arch: &amp;apos;amd64&amp;apos;, os.version: &amp;apos;10.0&amp;apos;, java.version: &amp;apos;1.8.0_181&amp;apos;
Driver info: driver.version: RemoteWebDriver">
      <![CDATA[org.openqa.selenium.NoSuchElementException: Cannot locate an element using css selector=a.nav__button-secondary
For documentation on this error, please visit: https://www.seleniumhq.org/exceptions/no_such_element.html
Build info: version: '3.141.59', revision: 'e82be7d358', time: '2018-11-14T08:17:03'
System info: host: 'DESKTOP-UOV0MPD', ip: '192.168.0.27', os.name: 'Windows 10', os.arch: 'amd64', os.version: '10.0', java.version: '1.8.0_181'
Driver info: driver.version: RemoteWebDriver
at org.openqa.selenium.remote.RemoteWebDriver.findElement(RemoteWebDriver.java:327)
at org.openqa.selenium.remote.RemoteWebDriver.findElementByCssSelector(RemoteWebDriver.java:420)
at org.openqa.selenium.By$ByCssSelector.findElement(By.java:431)
at org.openqa.selenium.remote.RemoteWebDriver.findElement(RemoteWebDriver.java:315)
at org.openqa.selenium.support.pagefactory.DefaultElementLocator.findElement(DefaultElementLocator.java:69)
at org.openqa.selenium.support.pagefactory.internal.LocatingElementHandler.invoke(LocatingElementHandler.java:38)
at com.sun.proxy.$Proxy10.click(Unknown Source)
at com.qa.linkedin.pages.LinkedinHomePage.clickOnSignInLink(LinkedinHomePage.java:33)
at com.qa.linkedin.testcases.SearchDDTTest.beforeClass(SearchDDTTest.java:55)
... Removed 26 stack frames]]>
    </failure>
  </testcase> <!-- @BeforeClass beforeClass -->
  <testcase name="@AfterClass afterClass" time="0.0" classname="com.qa.linkedin.testcases.SearchDDTTest">
    <skipped/>
  </testcase> <!-- @AfterClass afterClass -->
  <testcase name="searchTest" time="0.0" classname="com.qa.linkedin.testcases.SearchDDTTest">
    <skipped/>
  </testcase> <!-- searchTest -->
  <testcase name="searchTest" time="0.0" classname="com.qa.linkedin.testcases.SearchDDTTest">
    <skipped/>
  </testcase> <!-- searchTest -->
  <testcase name="searchTest" time="0.0" classname="com.qa.linkedin.testcases.SearchDDTTest">
    <skipped/>
  </testcase> <!-- searchTest -->
  <testcase name="searchTest" time="0.0" classname="com.qa.linkedin.testcases.SearchDDTTest">
    <skipped/>
  </testcase> <!-- searchTest -->
  <testcase name="searchTest" time="0.0" classname="com.qa.linkedin.testcases.SearchDDTTest">
    <skipped/>
  </testcase> <!-- searchTest -->
</testsuite> <!-- HybridTest -->
